<?xml version="1.0" encoding="UTF-8"?>
<!-- Generated by org.testng.reporters.JUnitXMLReporter -->
<testsuite ignored="0" hostname="LAPTOP-O1IA0A5B" failures="1" tests="7" name="Test" time="57.36" errors="0" timestamp="2023-12-25T10:33:44 EST">
  <testcase classname="com.tn.qa.testCases1.CheckoutTest" name="verifyAddValidProductToCart" time="2.902">
    <failure type="java.lang.NullPointerException" message="Cannot invoke &amp;quot;java.lang.CharSequence.toString()&amp;quot; because &amp;quot;s&amp;quot; is null">
      <![CDATA[java.lang.NullPointerException: Cannot invoke "java.lang.CharSequence.toString()" because "s" is null
at java.base/java.lang.String.contains(String.java:2852)
at com.tn.qa.testCases1.CheckoutTest.verifyAddValidProductToCart(CheckoutTest.java:44)
at java.base/java.util.ArrayList.forEach(ArrayList.java:1511)
... Removed 27 stack frames]]>
    </failure>
  </testcase> <!-- verifyAddValidProductToCart -->
  <testcase classname="com.tn.qa.testCases1.RegisterTest" name="verifyRegisterWithMandatoryFields" time="2.285"/>
  <testcase classname="com.tn.qa.testCases1.RegisterTest" name="verifyRegisterWithAllFields" time="2.397"/>
  <testcase classname="com.tn.qa.testCases1.RegisterTest" name="verifyRegisterWithNoFields" time="0.819"/>
  <testcase classname="com.tn.qa.testCases1.RegisterTest" name="verifyRegisterWithExistingEmail" time="1.791"/>
  <testcase classname="com.tn.qa.testCases1.RegisterTest" name="verifyRegisterWithPasswordMismatch" time="1.22"/>
  <testcase classname="com.tn.qa.testCases1.HomepageTest" name="verifyHomePageCamerasLink" time="0.943"/>
</testsuite> <!-- Test -->
