<?xml version="1.0" encoding="UTF-8"?>
<testng-results ignored="0" total="1" passed="1" failed="0" skipped="0">
  <reporter-output>
  </reporter-output>
  <suite started-at="2023-12-26T13:53:40 EST" name="Default suite" finished-at="2023-12-26T13:54:08 EST" duration-ms="27460">
    <groups>
    </groups>
    <test started-at="2023-12-26T13:53:40 EST" name="Default test" finished-at="2023-12-26T13:54:08 EST" duration-ms="27460">
      <class name="com.tn.qa.testCases1.CheckoutTest">
        <test-method is-config="true" signature="setUp()[pri:0, instance:com.tn.qa.testCases1.CheckoutTest@4d5650ae]" started-at="2023-12-26T13:53:40 EST" name="setUp" finished-at="2023-12-26T13:53:47 EST" duration-ms="6984" status="PASS">
          <reporter-output>
          </reporter-output>
        </test-method> <!-- setUp -->
        <test-method signature="verifyAddValidProductToCart()[pri:1, instance:com.tn.qa.testCases1.CheckoutTest@4d5650ae]" started-at="2023-12-26T13:53:47 EST" name="verifyAddValidProductToCart" finished-at="2023-12-26T13:54:07 EST" duration-ms="20068" status="PASS">
          <reporter-output>
          </reporter-output>
        </test-method> <!-- verifyAddValidProductToCart -->
        <test-method is-config="true" signature="tearDown()[pri:0, instance:com.tn.qa.testCases1.CheckoutTest@4d5650ae]" started-at="2023-12-26T13:54:07 EST" name="tearDown" finished-at="2023-12-26T13:54:08 EST" duration-ms="368" status="PASS">
          <reporter-output>
          </reporter-output>
        </test-method> <!-- tearDown -->
      </class> <!-- com.tn.qa.testCases1.CheckoutTest -->
    </test> <!-- Default test -->
  </suite> <!-- Default suite -->
</testng-results>
